[16:49:32] [main/INFO]: Extra: []
[16:49:32] [main/INFO]: Running with arguments: [--userProperties, {}, --assetsDir, C:/Users/brawl/.gradle/caches/minecraft/assets, --assetIndex, 1.7.10, --accessToken, {REDACTED}, --version, 1.7.10, --tweakClass, cpw.mods.fml.common.launcher.FMLTweaker, --tweakClass, net.minecraftforge.gradle.tweakers.CoremodTweaker]
[16:49:32] [main/INFO]: Loading tweak class name cpw.mods.fml.common.launcher.FMLTweaker
[16:49:32] [main/INFO]: Using primary tweak class name cpw.mods.fml.common.launcher.FMLTweaker
[16:49:32] [main/INFO]: Loading tweak class name net.minecraftforge.gradle.tweakers.CoremodTweaker
[16:49:32] [main/INFO]: Calling tweak class cpw.mods.fml.common.launcher.FMLTweaker
[16:49:32] [main/INFO]: Forge Mod Loader version 7.99.40.1614 for Minecraft 1.7.10 loading
[16:49:32] [main/INFO]: Java is Java HotSpot(TM) 64-Bit Server VM, version 1.8.0_231, running on Windows 10:amd64:10.0, installed at C:\Program Files\Java\jdk1.8.0_231\jre
[16:49:32] [main/INFO]: Managed to load a deobfuscated Minecraft name- we are in a deobfuscated environment. Skipping runtime deobfuscation
[16:49:32] [main/INFO]: Calling tweak class net.minecraftforge.gradle.tweakers.CoremodTweaker
[16:49:32] [main/INFO]: Injecting location in coremod cpw.mods.fml.relauncher.FMLCorePlugin
[16:49:32] [main/INFO]: Injecting location in coremod net.minecraftforge.classloading.FMLForgePlugin
[16:49:32] [main/INFO]: Loading tweak class name cpw.mods.fml.common.launcher.FMLInjectionAndSortingTweaker
[16:49:32] [main/INFO]: Loading tweak class name cpw.mods.fml.common.launcher.FMLDeobfTweaker
[16:49:32] [main/INFO]: Loading tweak class name net.minecraftforge.gradle.tweakers.AccessTransformerTweaker
[16:49:32] [main/INFO]: Calling tweak class cpw.mods.fml.common.launcher.FMLInjectionAndSortingTweaker
[16:49:32] [main/INFO]: Calling tweak class cpw.mods.fml.common.launcher.FMLInjectionAndSortingTweaker
[16:49:32] [main/INFO]: Calling tweak class cpw.mods.fml.relauncher.CoreModManager$FMLPluginWrapper
[16:49:32] [main/ERROR]: The binary patch set is missing. Either you are in a development environment, or things are not going to work!
[16:49:33] [main/ERROR]: FML appears to be missing any signature data. This is not a good thing
[16:49:33] [main/INFO]: Calling tweak class cpw.mods.fml.relauncher.CoreModManager$FMLPluginWrapper
[16:49:33] [main/INFO]: Calling tweak class cpw.mods.fml.common.launcher.FMLDeobfTweaker
[16:49:33] [main/INFO]: Calling tweak class net.minecraftforge.gradle.tweakers.AccessTransformerTweaker
[16:49:33] [main/INFO]: Loading tweak class name cpw.mods.fml.common.launcher.TerminalTweaker
[16:49:33] [main/INFO]: Calling tweak class cpw.mods.fml.common.launcher.TerminalTweaker
[16:49:33] [main/INFO]: Launching wrapped minecraft {net.minecraft.client.main.Main}
[16:49:34] [main/INFO]: Setting user: Player945
[16:49:36] [Client thread/INFO]: LWJGL Version: 2.9.1
[16:49:37] [Client thread/INFO]: [cpw.mods.fml.client.SplashProgress:start:188]: ---- Minecraft Crash Report ----
// My bad.

Time: 01.11.25 16:49
Description: Loading screen debug info

This is just a prompt for computer specs to be printed. THIS IS NOT A ERROR


A detailed walkthrough of the error, its code path and all known details is as follows:
---------------------------------------------------------------------------------------

-- System Details --
Details:
	Minecraft Version: 1.7.10
	Operating System: Windows 10 (amd64) version 10.0
	Java Version: 1.8.0_231, Oracle Corporation
	Java VM Version: Java HotSpot(TM) 64-Bit Server VM (mixed mode), Oracle Corporation
	Memory: 138242680 bytes (131 MB) / 228589568 bytes (218 MB) up to 3679977472 bytes (3509 MB)
	JVM Flags: 0 total; 
	AABB Pool Size: 0 (0 bytes; 0 MB) allocated, 0 (0 bytes; 0 MB) used
	IntCache: cache: 0, tcache: 0, allocated: 0, tallocated: 0
	FML: 
	GL info: ' Vendor: 'NVIDIA Corporation' Version: '4.6.0 NVIDIA 576.28' Renderer: 'NVIDIA GeForce RTX 3050 Laptop GPU/PCIe/SSE2'
[16:49:37] [Client thread/INFO]: Attempting early MinecraftForge initialization
[16:49:37] [Client thread/INFO]: MinecraftForge v10.13.4.1614 Initialized
[16:49:37] [Client thread/INFO]: Replaced 183 ore recipies
[16:49:37] [Client thread/INFO]: Completed early MinecraftForge initialization
[16:49:37] [Client thread/INFO]: Found 0 mods from the command line. Injecting into mod discoverer
[16:49:37] [Client thread/INFO]: Searching C:\PortableRadio\run\mods for mods
